[04/08/25 13:25:49][__main__][INFO] - Interaction script. The result will be saved there: /Volumes/ADATA HD650/HonourThesis/project/tmp/motiongen_output
[04/08/25 13:25:49][__main__][INFO] - The sentence is: A person walks and waves
[04/08/25 13:25:51][lightning_fabric.utilities.seed][INFO] - Global seed set to 1234
[04/08/25 13:25:51][__main__][INFO] - Loading model
[04/08/25 13:25:51][__main__][INFO] - The topology will be neutral.
[04/08/25 13:26:00][__main__][INFO] - Model 'temos' loaded
[04/08/25 13:26:23][__main__][INFO] - Model weights restored.
[04/08/25 13:26:23][__main__][INFO] - Model in eval mode.
[04/08/25 13:26:23][lightning_fabric.utilities.seed][INFO] - Global seed set to 50
[04/08/25 13:26:23][__main__][INFO] - All the sampling are done
[04/08/25 13:26:23][__main__][INFO] - All the sampling are done. You can find them here:
/Volumes/ADATA HD650/HonourThesis/project/tmp/motiongen_output
[04/08/25 15:47:45][__main__][INFO] - Interaction script. The result will be saved there: /Volumes/ADATA HD650/HonourThesis/project/tmp/npy_png_output
[04/08/25 15:47:45][__main__][INFO] - The sentence is: A person walks and waves
[04/08/25 15:47:47][lightning_fabric.utilities.seed][INFO] - Global seed set to 1234
[04/08/25 15:47:47][__main__][INFO] - Loading model
[04/08/25 15:47:47][__main__][INFO] - The topology will be neutral.
[04/08/25 15:47:55][__main__][INFO] - Model 'temos' loaded
[04/08/25 15:48:18][__main__][INFO] - Model weights restored.
[04/08/25 15:48:18][__main__][INFO] - Model in eval mode.
[04/08/25 15:48:18][lightning_fabric.utilities.seed][INFO] - Global seed set to 50
[04/08/25 15:48:18][__main__][INFO] - All the sampling are done
[04/08/25 15:48:18][__main__][INFO] - All the sampling are done. You can find them here:
/Volumes/ADATA HD650/HonourThesis/project/tmp/npy_png_output
[04/08/25 15:51:13][__main__][INFO] - Interaction script. The result will be saved there: /Volumes/ADATA HD650/HonourThesis/project/models/TEMOS/tmp/npy_png_output
[04/08/25 15:51:13][__main__][INFO] - The sentence is: A person walks and waves
[04/08/25 15:51:14][lightning_fabric.utilities.seed][INFO] - Global seed set to 1234
[04/08/25 15:51:14][__main__][INFO] - Loading model
[04/08/25 15:51:14][__main__][INFO] - The topology will be neutral.
[04/08/25 15:51:23][__main__][INFO] - Model 'temos' loaded
[04/08/25 15:51:46][__main__][INFO] - Model weights restored.
[04/08/25 15:51:46][__main__][INFO] - Model in eval mode.
[04/08/25 15:51:46][lightning_fabric.utilities.seed][INFO] - Global seed set to 50
[04/08/25 15:51:46][__main__][INFO] - All the sampling are done
[04/08/25 15:51:46][__main__][INFO] - All the sampling are done. You can find them here:
/Volumes/ADATA HD650/HonourThesis/project/models/TEMOS/tmp/npy_png_output
[04/08/25 16:05:11][__main__][INFO] - Interaction script. The result will be saved there: /Volumes/ADATA HD650/HonourThesis/project/models/TEMOS/tmp/npy_png_output
[04/08/25 16:05:11][__main__][INFO] - The sentence is: A person walks and waves
[04/08/25 16:05:12][lightning_fabric.utilities.seed][INFO] - Global seed set to 1234
[04/08/25 16:05:12][__main__][INFO] - Loading model
[04/08/25 16:05:12][__main__][INFO] - The topology will be neutral.
[04/08/25 16:05:21][__main__][INFO] - Model 'temos' loaded
[04/08/25 16:05:44][__main__][INFO] - Model weights restored.
[04/08/25 16:05:44][__main__][INFO] - Model in eval mode.
[04/08/25 16:05:44][lightning_fabric.utilities.seed][INFO] - Global seed set to 50
[04/08/25 16:05:44][__main__][INFO] - All the sampling are done
[04/08/25 16:05:44][__main__][INFO] - All the sampling are done. You can find them here:
/Volumes/ADATA HD650/HonourThesis/project/models/TEMOS/tmp/npy_png_output
[04/08/25 17:31:05][__main__][INFO] - Interaction script. The result will be saved there: /Volumes/ADATA HD650/HonourThesis/project/models/TEMOS/tmp/npy_png_output
[04/08/25 17:31:05][__main__][INFO] - The sentence is: A person walks and waves
[04/08/25 17:31:07][lightning_fabric.utilities.seed][INFO] - Global seed set to 1234
[04/08/25 17:31:07][__main__][INFO] - Loading model
[04/08/25 17:31:07][__main__][INFO] - The topology will be neutral.
[04/08/25 17:31:16][__main__][INFO] - Model 'temos' loaded
[04/08/25 17:31:38][__main__][INFO] - Model weights restored.
[04/08/25 17:31:38][__main__][INFO] - Model in eval mode.
[04/08/25 17:31:38][lightning_fabric.utilities.seed][INFO] - Global seed set to 50
[04/08/25 17:31:38][__main__][INFO] - All the sampling are done
[04/08/25 17:31:38][__main__][INFO] - All the sampling are done. You can find them here:
/Volumes/ADATA HD650/HonourThesis/project/models/TEMOS/tmp/npy_png_output
[04/08/25 17:33:41][__main__][INFO] - Interaction script. The result will be saved there: /Volumes/ADATA HD650/HonourThesis/project/models/TEMOS/tmp/npy_png_output
[04/08/25 17:33:41][__main__][INFO] - The sentence is: A person walks and waves
[04/08/25 17:33:42][lightning_fabric.utilities.seed][INFO] - Global seed set to 1234
[04/08/25 17:33:42][__main__][INFO] - Loading model
[04/08/25 17:33:42][__main__][INFO] - The topology will be neutral.
[04/08/25 17:33:51][__main__][INFO] - Model 'temos' loaded
[04/08/25 17:34:14][__main__][INFO] - Model weights restored.
[04/08/25 17:34:14][__main__][INFO] - Model in eval mode.
[04/08/25 17:34:14][lightning_fabric.utilities.seed][INFO] - Global seed set to 50
[04/08/25 17:34:14][__main__][INFO] - All the sampling are done
[04/08/25 17:34:14][__main__][INFO] - All the sampling are done. You can find them here:
/Volumes/ADATA HD650/HonourThesis/project/models/TEMOS/tmp/npy_png_output
[04/08/25 17:37:16][__main__][INFO] - Interaction script. The result will be saved there: /Volumes/ADATA HD650/HonourThesis/project/models/TEMOS/tmp/npy_png_output
[04/08/25 17:37:16][__main__][INFO] - The sentence is: A person walks and waves
[04/08/25 17:37:17][lightning_fabric.utilities.seed][INFO] - Global seed set to 1234
[04/08/25 17:37:17][__main__][INFO] - Loading model
[04/08/25 17:37:17][__main__][INFO] - The topology will be neutral.
[04/08/25 17:37:26][__main__][INFO] - Model 'temos' loaded
[04/08/25 17:37:49][__main__][INFO] - Model weights restored.
[04/08/25 17:37:49][__main__][INFO] - Model in eval mode.
[04/08/25 17:37:49][lightning_fabric.utilities.seed][INFO] - Global seed set to 50
[04/08/25 17:37:49][__main__][INFO] - All the sampling are done
[04/08/25 17:37:49][__main__][INFO] - All the sampling are done. You can find them here:
/Volumes/ADATA HD650/HonourThesis/project/models/TEMOS/tmp/npy_png_output
[04/08/25 17:40:14][__main__][INFO] - Interaction script. The result will be saved there: /Volumes/ADATA HD650/HonourThesis/project/models/TEMOS/tmp/npy_png_output
[04/08/25 17:40:14][__main__][INFO] - The sentence is: A person walks and waves
[04/08/25 17:40:15][lightning_fabric.utilities.seed][INFO] - Global seed set to 1234
[04/08/25 17:40:15][__main__][INFO] - Loading model
[04/08/25 17:40:15][__main__][INFO] - The topology will be neutral.
[04/08/25 17:40:24][__main__][INFO] - Model 'temos' loaded
[04/08/25 17:40:47][__main__][INFO] - Model weights restored.
[04/08/25 17:40:47][__main__][INFO] - Model in eval mode.
[04/08/25 17:40:47][lightning_fabric.utilities.seed][INFO] - Global seed set to 50
[04/08/25 17:40:47][__main__][INFO] - All the sampling are done
[04/08/25 17:40:47][__main__][INFO] - All the sampling are done. You can find them here:
/Volumes/ADATA HD650/HonourThesis/project/models/TEMOS/tmp/npy_png_output
[04/08/25 17:57:12][__main__][INFO] - Interaction script. The result will be saved there: /Volumes/ADATA HD650/HonourThesis/project/models/TEMOS/tmp/npy_png_output
[04/08/25 17:57:12][__main__][INFO] - The sentence is: A person walks and waves
[04/08/25 17:57:13][lightning_fabric.utilities.seed][INFO] - Global seed set to 1234
[04/08/25 17:57:13][__main__][INFO] - Loading model
[04/08/25 17:57:13][__main__][INFO] - The topology will be neutral.
[04/08/25 17:57:22][__main__][INFO] - Model 'temos' loaded
[04/08/25 17:57:46][__main__][INFO] - Model weights restored.
[04/08/25 17:57:46][__main__][INFO] - Model in eval mode.
[04/08/25 17:57:46][lightning_fabric.utilities.seed][INFO] - Global seed set to 50
[04/08/25 17:57:46][__main__][INFO] - All the sampling are done
[04/08/25 17:57:46][__main__][INFO] - All the sampling are done. You can find them here:
/Volumes/ADATA HD650/HonourThesis/project/models/TEMOS/tmp/npy_png_output
[04/08/25 18:14:44][__main__][INFO] - Interaction script. The result will be saved there: /Volumes/ADATA HD650/HonourThesis/project/models/TEMOS/tmp/npy_png_output
[04/08/25 18:14:44][__main__][INFO] - The sentence is: A person walks and waves
[04/08/25 18:14:46][lightning_fabric.utilities.seed][INFO] - Global seed set to 1234
[04/08/25 18:14:46][__main__][INFO] - Loading model
[04/08/25 18:14:46][__main__][INFO] - The topology will be neutral.
[04/08/25 18:14:55][__main__][INFO] - Model 'temos' loaded
[04/08/25 18:15:18][__main__][INFO] - Model weights restored.
[04/08/25 18:15:18][__main__][INFO] - Model in eval mode.
[04/08/25 18:15:18][lightning_fabric.utilities.seed][INFO] - Global seed set to 50
[04/08/25 18:15:18][__main__][INFO] - All the sampling are done
[04/08/25 18:15:18][__main__][INFO] - All the sampling are done. You can find them here:
/Volumes/ADATA HD650/HonourThesis/project/models/TEMOS/tmp/npy_png_output
[05/08/25 11:34:55][__main__][INFO] - Interaction script. The result will be saved there: /Volumes/ADATA HD650/HonourThesis/project/models/TEMOS/tmp/npy_png_output
[05/08/25 11:34:55][__main__][INFO] - The sentence is: A person walks and waves
[05/08/25 11:34:56][lightning_fabric.utilities.seed][INFO] - Global seed set to 1234
[05/08/25 11:34:56][__main__][INFO] - Loading model
[05/08/25 11:34:56][__main__][INFO] - The topology will be neutral.
[05/08/25 11:35:05][__main__][INFO] - Model 'temos' loaded
[05/08/25 11:35:29][__main__][INFO] - Model weights restored.
[05/08/25 11:35:29][__main__][INFO] - Model in eval mode.
[05/08/25 11:35:29][lightning_fabric.utilities.seed][INFO] - Global seed set to 50
[05/08/25 11:36:37][__main__][INFO] - Interaction script. The result will be saved there: /Volumes/ADATA HD650/HonourThesis/project/models/TEMOS/tmp/npy_png_output
[05/08/25 11:36:37][__main__][INFO] - The sentence is: A person walks and waves
[05/08/25 11:36:39][lightning_fabric.utilities.seed][INFO] - Global seed set to 1234
[05/08/25 11:36:39][__main__][INFO] - Loading model
[05/08/25 11:36:39][__main__][INFO] - The topology will be neutral.
[05/08/25 11:36:48][__main__][INFO] - Model 'temos' loaded
[05/08/25 11:37:14][__main__][INFO] - Model weights restored.
[05/08/25 11:37:14][__main__][INFO] - Model in eval mode.
[05/08/25 11:37:15][lightning_fabric.utilities.seed][INFO] - Global seed set to 50
[05/08/25 11:38:58][__main__][INFO] - Interaction script. The result will be saved there: /Volumes/ADATA HD650/HonourThesis/project/models/TEMOS/tmp/npy_png_output
[05/08/25 11:38:58][__main__][INFO] - The sentence is: A person walks and waves
[05/08/25 11:39:00][lightning_fabric.utilities.seed][INFO] - Global seed set to 1234
[05/08/25 11:39:00][__main__][INFO] - Loading model
[05/08/25 11:39:00][__main__][INFO] - The topology will be neutral.
[05/08/25 11:39:08][__main__][INFO] - Model 'temos' loaded
[05/08/25 11:39:31][__main__][INFO] - Model weights restored.
[05/08/25 11:39:31][__main__][INFO] - Model in eval mode.
[05/08/25 11:39:31][lightning_fabric.utilities.seed][INFO] - Global seed set to 50
[05/08/25 11:39:31][__main__][INFO] - All the sampling are done
[05/08/25 11:39:31][__main__][INFO] - All the sampling are done. You can find them here:
/Volumes/ADATA HD650/HonourThesis/project/models/TEMOS/tmp/npy_png_output
[05/08/25 11:43:08][__main__][INFO] - Interaction script. The result will be saved there: /Volumes/ADATA HD650/HonourThesis/project/models/TEMOS/tmp/npy_png_output
[05/08/25 11:43:08][__main__][INFO] - The sentence is: A person walks and waves
[05/08/25 11:43:10][lightning_fabric.utilities.seed][INFO] - Global seed set to 1234
[05/08/25 11:43:10][__main__][INFO] - Loading model
[05/08/25 11:43:10][__main__][INFO] - The topology will be neutral.
[05/08/25 11:43:18][__main__][INFO] - Model 'temos' loaded
[05/08/25 11:43:43][__main__][INFO] - Model weights restored.
[05/08/25 11:43:43][__main__][INFO] - Model in eval mode.
[05/08/25 11:43:43][lightning_fabric.utilities.seed][INFO] - Global seed set to 50
[05/08/25 11:43:43][__main__][INFO] - All the sampling are done
[05/08/25 11:43:43][__main__][INFO] - All the sampling are done. You can find them here:
/Volumes/ADATA HD650/HonourThesis/project/models/TEMOS/tmp/npy_png_output
[05/08/25 14:07:54][__main__][INFO] - Interaction script. The result will be saved there: /Volumes/ADATA HD650/HonourThesis/project/models/TEMOS/tmp/npy_png_output
[05/08/25 14:07:54][__main__][INFO] - The sentence is: A person walks and waves
[05/08/25 14:07:56][lightning_fabric.utilities.seed][INFO] - Global seed set to 1234
[05/08/25 14:07:56][__main__][INFO] - Loading model
[05/08/25 14:07:56][__main__][INFO] - The topology will be neutral.
[05/08/25 14:08:05][__main__][INFO] - Model 'temos' loaded
[05/08/25 14:08:27][__main__][INFO] - Model weights restored.
[05/08/25 14:08:27][__main__][INFO] - Model in eval mode.
[05/08/25 14:08:27][lightning_fabric.utilities.seed][INFO] - Global seed set to 50
[05/08/25 14:09:05][__main__][INFO] - Interaction script. The result will be saved there: /Volumes/ADATA HD650/HonourThesis/project/models/TEMOS/tmp/npy_png_output
[05/08/25 14:09:05][__main__][INFO] - The sentence is: A person walks and waves
[05/08/25 14:09:06][lightning_fabric.utilities.seed][INFO] - Global seed set to 1234
[05/08/25 14:09:06][__main__][INFO] - Loading model
[05/08/25 14:09:06][__main__][INFO] - The topology will be neutral.
[05/08/25 14:09:15][__main__][INFO] - Model 'temos' loaded
[05/08/25 14:09:36][__main__][INFO] - Model weights restored.
[05/08/25 14:09:36][__main__][INFO] - Model in eval mode.
[05/08/25 14:09:36][lightning_fabric.utilities.seed][INFO] - Global seed set to 50
[05/08/25 14:10:22][__main__][INFO] - Interaction script. The result will be saved there: /Volumes/ADATA HD650/HonourThesis/project/models/TEMOS/tmp/npy_png_output
[05/08/25 14:10:22][__main__][INFO] - The sentence is: A person walks forward
[05/08/25 14:10:24][lightning_fabric.utilities.seed][INFO] - Global seed set to 1234
[05/08/25 14:10:24][__main__][INFO] - Loading model
[05/08/25 14:10:24][__main__][INFO] - The topology will be neutral.
[05/08/25 14:10:33][__main__][INFO] - Model 'temos' loaded
[05/08/25 14:10:55][__main__][INFO] - Model weights restored.
[05/08/25 14:10:55][__main__][INFO] - Model in eval mode.
[05/08/25 14:10:55][lightning_fabric.utilities.seed][INFO] - Global seed set to 50
[05/08/25 14:12:22][__main__][INFO] - Interaction script. The result will be saved there: /Volumes/ADATA HD650/HonourThesis/project/models/TEMOS/tmp/npy_png_output
[05/08/25 14:12:22][__main__][INFO] - The sentence is: A person walks and waves
[05/08/25 14:12:24][lightning_fabric.utilities.seed][INFO] - Global seed set to 1234
[05/08/25 14:12:24][__main__][INFO] - Loading model
[05/08/25 14:12:24][__main__][INFO] - The topology will be neutral.
[05/08/25 14:12:33][__main__][INFO] - Model 'temos' loaded
[05/08/25 14:12:55][__main__][INFO] - Model weights restored.
[05/08/25 14:12:55][__main__][INFO] - Model in eval mode.
[05/08/25 14:12:55][lightning_fabric.utilities.seed][INFO] - Global seed set to 50
[05/08/25 14:12:55][__main__][INFO] - All the sampling are done
[05/08/25 14:12:55][__main__][INFO] - All the sampling are done. You can find them here:
/Volumes/ADATA HD650/HonourThesis/project/models/TEMOS/tmp/npy_png_output
[05/08/25 14:15:14][__main__][INFO] - Interaction script. The result will be saved there: /Volumes/ADATA HD650/HonourThesis/project/models/TEMOS/tmp/npy_png_output
[05/08/25 14:15:14][__main__][INFO] - The sentence is: A person walks forwards
[05/08/25 14:15:15][lightning_fabric.utilities.seed][INFO] - Global seed set to 1234
[05/08/25 14:15:15][__main__][INFO] - Loading model
[05/08/25 14:15:15][__main__][INFO] - The topology will be neutral.
[05/08/25 14:15:24][__main__][INFO] - Model 'temos' loaded
[05/08/25 14:15:47][__main__][INFO] - Model weights restored.
[05/08/25 14:15:47][__main__][INFO] - Model in eval mode.
[05/08/25 14:15:47][lightning_fabric.utilities.seed][INFO] - Global seed set to 50
[05/08/25 14:15:47][__main__][INFO] - All the sampling are done
[05/08/25 14:15:47][__main__][INFO] - All the sampling are done. You can find them here:
/Volumes/ADATA HD650/HonourThesis/project/models/TEMOS/tmp/npy_png_output
[05/08/25 14:16:54][__main__][INFO] - Interaction script. The result will be saved there: /Volumes/ADATA HD650/HonourThesis/project/models/TEMOS/tmp/npy_png_output
[05/08/25 14:16:54][__main__][INFO] - The sentence is: A person waves his left hands
[05/08/25 14:16:56][lightning_fabric.utilities.seed][INFO] - Global seed set to 1234
[05/08/25 14:16:56][__main__][INFO] - Loading model
[05/08/25 14:16:56][__main__][INFO] - The topology will be neutral.
[05/08/25 14:17:04][__main__][INFO] - Model 'temos' loaded
[05/08/25 14:17:27][__main__][INFO] - Model weights restored.
[05/08/25 14:17:27][__main__][INFO] - Model in eval mode.
[05/08/25 14:17:27][lightning_fabric.utilities.seed][INFO] - Global seed set to 50
[05/08/25 14:17:27][__main__][INFO] - All the sampling are done
[05/08/25 14:17:27][__main__][INFO] - All the sampling are done. You can find them here:
/Volumes/ADATA HD650/HonourThesis/project/models/TEMOS/tmp/npy_png_output
[05/08/25 14:18:10][__main__][INFO] - Interaction script. The result will be saved there: /Volumes/ADATA HD650/HonourThesis/project/models/TEMOS/tmp/npy_png_output
[05/08/25 14:18:10][__main__][INFO] - The sentence is: A person waves his left hands
[05/08/25 14:18:12][lightning_fabric.utilities.seed][INFO] - Global seed set to 1234
[05/08/25 14:18:12][__main__][INFO] - Loading model
[05/08/25 14:18:12][__main__][INFO] - The topology will be neutral.
[05/08/25 14:18:20][__main__][INFO] - Model 'temos' loaded
[05/08/25 14:18:40][__main__][INFO] - Model weights restored.
[05/08/25 14:18:40][__main__][INFO] - Model in eval mode.
[05/08/25 14:18:40][lightning_fabric.utilities.seed][INFO] - Global seed set to 50
[05/08/25 14:18:41][__main__][INFO] - All the sampling are done
[05/08/25 14:18:41][__main__][INFO] - All the sampling are done. You can find them here:
/Volumes/ADATA HD650/HonourThesis/project/models/TEMOS/tmp/npy_png_output
[05/08/25 14:20:45][__main__][INFO] - Interaction script. The result will be saved there: /Volumes/ADATA HD650/HonourThesis/project/models/TEMOS/tmp/npy_png_output
[05/08/25 14:20:45][__main__][INFO] - The sentence is: A person waves his left hand
[05/08/25 14:20:46][lightning_fabric.utilities.seed][INFO] - Global seed set to 1234
[05/08/25 14:20:46][__main__][INFO] - Loading model
[05/08/25 14:20:46][__main__][INFO] - The topology will be neutral.
[05/08/25 14:20:55][__main__][INFO] - Model 'temos' loaded
[05/08/25 14:21:19][__main__][INFO] - Model weights restored.
[05/08/25 14:21:19][__main__][INFO] - Model in eval mode.
[05/08/25 14:21:19][lightning_fabric.utilities.seed][INFO] - Global seed set to 50
[05/08/25 14:21:19][__main__][INFO] - All the sampling are done
[05/08/25 14:21:19][__main__][INFO] - All the sampling are done. You can find them here:
/Volumes/ADATA HD650/HonourThesis/project/models/TEMOS/tmp/npy_png_output
[05/08/25 14:51:10][__main__][INFO] - Interaction script. The result will be saved there: /Volumes/ADATA HD650/HonourThesis/project/models/TEMOS/tmp/npy_png_output
[05/08/25 14:51:10][__main__][INFO] - The sentence is: A person walks and waves
[05/08/25 14:51:13][lightning_fabric.utilities.seed][INFO] - Global seed set to 1234
[05/08/25 14:51:13][__main__][INFO] - Loading model
[05/08/25 14:51:13][__main__][INFO] - The topology will be neutral.
[05/08/25 14:51:24][__main__][INFO] - Model 'temos' loaded
[05/08/25 14:51:46][__main__][INFO] - Model weights restored.
[05/08/25 14:51:46][__main__][INFO] - Model in eval mode.
[05/08/25 14:51:46][lightning_fabric.utilities.seed][INFO] - Global seed set to 50
[05/08/25 14:54:59][__main__][INFO] - Interaction script. The result will be saved there: /Volumes/ADATA HD650/HonourThesis/project/models/TEMOS/tmp/npy_png_output
[05/08/25 14:54:59][__main__][INFO] - The sentence is: A person walks and waves
[05/08/25 14:55:02][lightning_fabric.utilities.seed][INFO] - Global seed set to 1234
[05/08/25 14:55:02][__main__][INFO] - Loading model
[05/08/25 14:55:02][__main__][INFO] - The topology will be neutral.
[05/08/25 14:55:12][__main__][INFO] - Model 'temos' loaded
[05/08/25 14:55:36][__main__][INFO] - Model weights restored.
[05/08/25 14:55:36][__main__][INFO] - Model in eval mode.
[05/08/25 14:55:36][lightning_fabric.utilities.seed][INFO] - Global seed set to 50
[05/08/25 14:58:50][__main__][INFO] - Interaction script. The result will be saved there: /Volumes/ADATA HD650/HonourThesis/project/models/TEMOS/tmp/npy_png_output
[05/08/25 14:58:50][__main__][INFO] - The sentence is: A person waves his left hand
[05/08/25 14:58:51][lightning_fabric.utilities.seed][INFO] - Global seed set to 1234
[05/08/25 14:58:51][__main__][INFO] - Loading model
[05/08/25 14:58:51][__main__][INFO] - The topology will be neutral.
[05/08/25 14:59:00][__main__][INFO] - Model 'temos' loaded
[05/08/25 14:59:23][__main__][INFO] - Model weights restored.
[05/08/25 14:59:23][__main__][INFO] - Model in eval mode.
[05/08/25 14:59:23][lightning_fabric.utilities.seed][INFO] - Global seed set to 50
[05/08/25 15:00:01][__main__][INFO] - Interaction script. The result will be saved there: /Volumes/ADATA HD650/HonourThesis/project/models/TEMOS/tmp/npy_png_output
[05/08/25 15:00:01][__main__][INFO] - The sentence is: A person walks and waves
[05/08/25 15:00:03][lightning_fabric.utilities.seed][INFO] - Global seed set to 1234
[05/08/25 15:00:03][__main__][INFO] - Loading model
[05/08/25 15:00:03][__main__][INFO] - The topology will be neutral.
[05/08/25 15:00:11][__main__][INFO] - Model 'temos' loaded
[05/08/25 15:00:34][__main__][INFO] - Model weights restored.
[05/08/25 15:00:34][__main__][INFO] - Model in eval mode.
[05/08/25 15:00:34][lightning_fabric.utilities.seed][INFO] - Global seed set to 50
[05/08/25 15:08:56][__main__][INFO] - Interaction script. The result will be saved there: /Volumes/ADATA HD650/HonourThesis/project/models/TEMOS/tmp/npy_png_output
[05/08/25 15:08:56][__main__][INFO] - The sentence is: A person walks and waves
[05/08/25 15:08:58][lightning_fabric.utilities.seed][INFO] - Global seed set to 1234
[05/08/25 15:08:58][__main__][INFO] - Loading model
[05/08/25 15:08:58][__main__][INFO] - The topology will be neutral.
[05/08/25 15:09:07][__main__][INFO] - Model 'temos' loaded
[05/08/25 15:09:30][__main__][INFO] - Model weights restored.
[05/08/25 15:09:30][__main__][INFO] - Model in eval mode.
[05/08/25 15:09:30][lightning_fabric.utilities.seed][INFO] - Global seed set to 50
[05/08/25 15:09:30][__main__][INFO] - All the sampling are done
[05/08/25 15:09:30][__main__][INFO] - All the sampling are done. You can find them here:
/Volumes/ADATA HD650/HonourThesis/project/models/TEMOS/tmp/npy_png_output
[05/08/25 15:10:06][__main__][INFO] - Interaction script. The result will be saved there: /Volumes/ADATA HD650/HonourThesis/project/models/TEMOS/tmp/npy_png_output
[05/08/25 15:10:06][__main__][INFO] - The sentence is: A person waves
[05/08/25 15:10:07][lightning_fabric.utilities.seed][INFO] - Global seed set to 1234
[05/08/25 15:10:07][__main__][INFO] - Loading model
[05/08/25 15:10:07][__main__][INFO] - The topology will be neutral.
[05/08/25 15:10:16][__main__][INFO] - Model 'temos' loaded
[05/08/25 15:10:37][__main__][INFO] - Model weights restored.
[05/08/25 15:10:37][__main__][INFO] - Model in eval mode.
[05/08/25 15:10:37][lightning_fabric.utilities.seed][INFO] - Global seed set to 50
[05/08/25 15:10:37][__main__][INFO] - All the sampling are done
[05/08/25 15:10:37][__main__][INFO] - All the sampling are done. You can find them here:
/Volumes/ADATA HD650/HonourThesis/project/models/TEMOS/tmp/npy_png_output
[05/08/25 16:05:05][__main__][INFO] - Interaction script. The result will be saved there: /Volumes/ADATA HD650/HonourThesis/project/models/TEMOS/tmp/npy_png_output
[05/08/25 16:05:05][__main__][INFO] - The sentence is: A person walks and waves
[05/08/25 16:05:07][lightning_fabric.utilities.seed][INFO] - Global seed set to 1234
[05/08/25 16:05:07][__main__][INFO] - Loading model
[05/08/25 16:05:07][__main__][INFO] - The topology will be neutral.
[05/08/25 16:05:16][__main__][INFO] - Model 'temos' loaded
[05/08/25 16:05:39][__main__][INFO] - Model weights restored.
[05/08/25 16:05:39][__main__][INFO] - Model in eval mode.
[05/08/25 16:05:39][lightning_fabric.utilities.seed][INFO] - Global seed set to 50
[05/08/25 16:05:39][__main__][INFO] - All the sampling are done
[05/08/25 16:05:39][__main__][INFO] - All the sampling are done. You can find them here:
/Volumes/ADATA HD650/HonourThesis/project/models/TEMOS/tmp/npy_png_output
[05/08/25 16:06:24][__main__][INFO] - Interaction script. The result will be saved there: /Volumes/ADATA HD650/HonourThesis/project/models/TEMOS/tmp/npy_png_output
[05/08/25 16:06:24][__main__][INFO] - The sentence is: A person walks and waves
[05/08/25 16:06:25][lightning_fabric.utilities.seed][INFO] - Global seed set to 1234
[05/08/25 16:06:25][__main__][INFO] - Loading model
[05/08/25 16:06:25][__main__][INFO] - The topology will be neutral.
[05/08/25 16:06:34][__main__][INFO] - Model 'temos' loaded
[05/08/25 16:06:57][__main__][INFO] - Model weights restored.
[05/08/25 16:06:57][__main__][INFO] - Model in eval mode.
[05/08/25 16:06:57][lightning_fabric.utilities.seed][INFO] - Global seed set to 50
[05/08/25 16:06:57][__main__][INFO] - All the sampling are done
[05/08/25 16:06:57][__main__][INFO] - All the sampling are done. You can find them here:
/Volumes/ADATA HD650/HonourThesis/project/models/TEMOS/tmp/npy_png_output
[05/08/25 17:23:33][__main__][INFO] - Interaction script. The result will be saved there: /Volumes/ADATA HD650/HonourThesis/project/models/TEMOS/tmp/npy_png_output
[05/08/25 17:23:33][__main__][INFO] - The sentence is: A person walks and waves
[05/08/25 17:23:34][lightning_fabric.utilities.seed][INFO] - Global seed set to 1234
[05/08/25 17:23:34][__main__][INFO] - Loading model
[05/08/25 17:23:34][__main__][INFO] - The topology will be neutral.
[05/08/25 17:23:43][__main__][INFO] - Model 'temos' loaded
[05/08/25 17:24:07][__main__][INFO] - Model weights restored.
[05/08/25 17:24:07][__main__][INFO] - Model in eval mode.
[05/08/25 17:24:07][lightning_fabric.utilities.seed][INFO] - Global seed set to 50
[05/08/25 17:24:07][__main__][INFO] - All the sampling are done
[05/08/25 17:24:07][__main__][INFO] - All the sampling are done. You can find them here:
/Volumes/ADATA HD650/HonourThesis/project/models/TEMOS/tmp/npy_png_output
[05/08/25 17:58:05][__main__][INFO] - Interaction script. The result will be saved there: /Volumes/ADATA HD650/HonourThesis/project/models/TEMOS/tmp/npy_png_output
[05/08/25 17:58:05][__main__][INFO] - The sentence is: A person walks and waves
[05/08/25 17:58:06][lightning_fabric.utilities.seed][INFO] - Global seed set to 1234
[05/08/25 17:58:06][__main__][INFO] - Loading model
[05/08/25 17:58:06][__main__][INFO] - The topology will be neutral.
[05/08/25 17:58:15][__main__][INFO] - Model 'temos' loaded
[05/08/25 17:58:38][__main__][INFO] - Model weights restored.
[05/08/25 17:58:38][__main__][INFO] - Model in eval mode.
[05/08/25 17:58:38][lightning_fabric.utilities.seed][INFO] - Global seed set to 50
[05/08/25 17:58:38][__main__][INFO] - All the sampling are done
[05/08/25 17:58:38][__main__][INFO] - All the sampling are done. You can find them here:
/Volumes/ADATA HD650/HonourThesis/project/models/TEMOS/tmp/npy_png_output
[05/08/25 18:11:00][__main__][INFO] - Interaction script. The result will be saved there: /Volumes/ADATA HD650/HonourThesis/project/models/TEMOS/tmp/npy_png_output
[05/08/25 18:11:00][__main__][INFO] - The sentence is: A person walks and waves
[05/08/25 18:11:01][lightning_fabric.utilities.seed][INFO] - Global seed set to 1234
[05/08/25 18:11:01][__main__][INFO] - Loading model
[05/08/25 18:11:01][__main__][INFO] - The topology will be neutral.
[05/08/25 18:11:10][__main__][INFO] - Model 'temos' loaded
[05/08/25 18:11:34][__main__][INFO] - Model weights restored.
[05/08/25 18:11:34][__main__][INFO] - Model in eval mode.
[05/08/25 18:11:34][lightning_fabric.utilities.seed][INFO] - Global seed set to 50
[05/08/25 18:11:34][__main__][INFO] - All the sampling are done
[05/08/25 18:11:34][__main__][INFO] - All the sampling are done. You can find them here:
/Volumes/ADATA HD650/HonourThesis/project/models/TEMOS/tmp/npy_png_output
[05/08/25 19:38:59][__main__][INFO] - Interaction script. The result will be saved there: /Volumes/ADATA HD650/HonourThesis/project/models/TEMOS/tmp/npy_png_output
[05/08/25 19:38:59][__main__][INFO] - The sentence is: A person walks and waves
[05/08/25 19:39:01][lightning_fabric.utilities.seed][INFO] - Global seed set to 1234
[05/08/25 19:39:01][__main__][INFO] - Loading model
[05/08/25 19:39:01][__main__][INFO] - The topology will be neutral.
[05/08/25 19:39:10][__main__][INFO] - Model 'temos' loaded
[05/08/25 19:39:32][__main__][INFO] - Model weights restored.
[05/08/25 19:39:32][__main__][INFO] - Model in eval mode.
[05/08/25 19:39:32][lightning_fabric.utilities.seed][INFO] - Global seed set to 50
[05/08/25 19:39:33][__main__][INFO] - All the sampling are done
[05/08/25 19:39:33][__main__][INFO] - All the sampling are done. You can find them here:
/Volumes/ADATA HD650/HonourThesis/project/models/TEMOS/tmp/npy_png_output
[05/08/25 20:30:31][__main__][INFO] - Interaction script. The result will be saved there: /Volumes/ADATA HD650/HonourThesis/project/models/TEMOS/tmp/npy_png_output
[05/08/25 20:30:31][__main__][INFO] - The sentence is: A person waves his left hand
[05/08/25 20:30:33][lightning_fabric.utilities.seed][INFO] - Global seed set to 1234
[05/08/25 20:30:33][__main__][INFO] - Loading model
[05/08/25 20:30:33][__main__][INFO] - The topology will be neutral.
[05/08/25 20:30:42][__main__][INFO] - Model 'temos' loaded
[05/08/25 20:31:06][__main__][INFO] - Model weights restored.
[05/08/25 20:31:06][__main__][INFO] - Model in eval mode.
[05/08/25 20:31:06][lightning_fabric.utilities.seed][INFO] - Global seed set to 50
[05/08/25 20:31:06][__main__][INFO] - All the sampling are done
[05/08/25 20:31:06][__main__][INFO] - All the sampling are done. You can find them here:
/Volumes/ADATA HD650/HonourThesis/project/models/TEMOS/tmp/npy_png_output
[06/08/25 00:48:41][__main__][INFO] - Interaction script. The result will be saved there: /Volumes/ADATA HD650/HonourThesis/project/models/TEMOS/tmp/npy_png_output
[06/08/25 00:48:41][__main__][INFO] - The sentence is: A person walks and waves
[06/08/25 00:48:42][lightning_fabric.utilities.seed][INFO] - Global seed set to 1234
[06/08/25 00:48:42][__main__][INFO] - Loading model
[06/08/25 00:48:42][__main__][INFO] - The topology will be neutral.
[06/08/25 00:48:51][__main__][INFO] - Model 'temos' loaded
[06/08/25 00:49:15][__main__][INFO] - Model weights restored.
[06/08/25 00:49:15][__main__][INFO] - Model in eval mode.
[06/08/25 00:49:15][lightning_fabric.utilities.seed][INFO] - Global seed set to 50
[06/08/25 00:49:15][__main__][INFO] - All the sampling are done
[06/08/25 00:49:15][__main__][INFO] - All the sampling are done. You can find them here:
/Volumes/ADATA HD650/HonourThesis/project/models/TEMOS/tmp/npy_png_output
[06/08/25 00:49:52][__main__][INFO] - Interaction script. The result will be saved there: /Volumes/ADATA HD650/HonourThesis/project/models/TEMOS/tmp/npy_png_output
[06/08/25 00:49:52][__main__][INFO] - The sentence is: A person waves left hand
[06/08/25 00:49:54][lightning_fabric.utilities.seed][INFO] - Global seed set to 1234
[06/08/25 00:49:54][__main__][INFO] - Loading model
[06/08/25 00:49:54][__main__][INFO] - The topology will be neutral.
[06/08/25 00:50:02][__main__][INFO] - Model 'temos' loaded
[06/08/25 00:50:25][__main__][INFO] - Model weights restored.
[06/08/25 00:50:25][__main__][INFO] - Model in eval mode.
[06/08/25 00:50:25][lightning_fabric.utilities.seed][INFO] - Global seed set to 50
[06/08/25 00:50:25][__main__][INFO] - All the sampling are done
[06/08/25 00:50:25][__main__][INFO] - All the sampling are done. You can find them here:
/Volumes/ADATA HD650/HonourThesis/project/models/TEMOS/tmp/npy_png_output
[06/08/25 21:10:27][__main__][INFO] - Interaction script. The result will be saved there: /Volumes/ADATA HD650/HonourThesis/project/models/TEMOS/tmp/npy_png_output
[06/08/25 21:10:27][__main__][INFO] - The sentence is: A person waves his left hand
[06/08/25 21:10:30][lightning_fabric.utilities.seed][INFO] - Global seed set to 1234
[06/08/25 21:10:30][__main__][INFO] - Loading model
[06/08/25 21:10:30][__main__][INFO] - The topology will be neutral.
[06/08/25 21:10:39][__main__][INFO] - Model 'temos' loaded
[06/08/25 21:11:02][__main__][INFO] - Model weights restored.
[06/08/25 21:11:02][__main__][INFO] - Model in eval mode.
[06/08/25 21:11:02][lightning_fabric.utilities.seed][INFO] - Global seed set to 50
[06/08/25 21:11:02][__main__][INFO] - All the sampling are done
[06/08/25 21:11:02][__main__][INFO] - All the sampling are done. You can find them here:
/Volumes/ADATA HD650/HonourThesis/project/models/TEMOS/tmp/npy_png_output
[06/08/25 21:30:36][__main__][INFO] - Interaction script. The result will be saved there: /Volumes/ADATA HD650/HonourThesis/project/models/TEMOS/tmp/npy_png_output
[06/08/25 21:30:36][__main__][INFO] - The sentence is: A person waves his left hand
[06/08/25 21:30:38][lightning_fabric.utilities.seed][INFO] - Global seed set to 1234
[06/08/25 21:30:38][__main__][INFO] - Loading model
[06/08/25 21:30:38][__main__][INFO] - The topology will be neutral.
[06/08/25 21:30:47][__main__][INFO] - Model 'temos' loaded
[06/08/25 21:31:10][__main__][INFO] - Model weights restored.
[06/08/25 21:31:10][__main__][INFO] - Model in eval mode.
[06/08/25 21:31:10][lightning_fabric.utilities.seed][INFO] - Global seed set to 50
[06/08/25 21:32:31][__main__][INFO] - Interaction script. The result will be saved there: /Volumes/ADATA HD650/HonourThesis/project/models/TEMOS/tmp/npy_png_output
[06/08/25 21:32:31][__main__][INFO] - The sentence is: A person walks and waves
[06/08/25 21:32:32][lightning_fabric.utilities.seed][INFO] - Global seed set to 1234
[06/08/25 21:32:32][__main__][INFO] - Loading model
[06/08/25 21:32:32][__main__][INFO] - The topology will be neutral.
[06/08/25 21:32:41][__main__][INFO] - Model 'temos' loaded
[06/08/25 21:33:05][__main__][INFO] - Model weights restored.
[06/08/25 21:33:05][__main__][INFO] - Model in eval mode.
[06/08/25 21:33:05][lightning_fabric.utilities.seed][INFO] - Global seed set to 50
[06/08/25 21:33:05][__main__][INFO] - All the sampling are done
[06/08/25 21:33:05][__main__][INFO] - All the sampling are done. You can find them here:
/Volumes/ADATA HD650/HonourThesis/project/models/TEMOS/tmp/npy_png_output
[06/08/25 21:35:36][__main__][INFO] - Interaction script. The result will be saved there: /Volumes/ADATA HD650/HonourThesis/project/models/TEMOS/tmp/npy_png_output
[06/08/25 21:35:36][__main__][INFO] - The sentence is: A person waves left hand
[06/08/25 21:35:37][lightning_fabric.utilities.seed][INFO] - Global seed set to 1234
[06/08/25 21:35:37][__main__][INFO] - Loading model
[06/08/25 21:35:37][__main__][INFO] - The topology will be neutral.
[06/08/25 21:35:46][__main__][INFO] - Model 'temos' loaded
[06/08/25 21:36:08][__main__][INFO] - Model weights restored.
[06/08/25 21:36:08][__main__][INFO] - Model in eval mode.
[06/08/25 21:36:08][lightning_fabric.utilities.seed][INFO] - Global seed set to 50
[06/08/25 21:36:08][__main__][INFO] - All the sampling are done
[06/08/25 21:36:08][__main__][INFO] - All the sampling are done. You can find them here:
/Volumes/ADATA HD650/HonourThesis/project/models/TEMOS/tmp/npy_png_output
[06/08/25 21:39:10][__main__][INFO] - Interaction script. The result will be saved there: /Volumes/ADATA HD650/HonourThesis/project/models/TEMOS/tmp/npy_png_output
[06/08/25 21:39:10][__main__][INFO] - The sentence is: A person walks and waves
[06/08/25 21:39:11][lightning_fabric.utilities.seed][INFO] - Global seed set to 1234
[06/08/25 21:39:11][__main__][INFO] - Loading model
[06/08/25 21:39:11][__main__][INFO] - The topology will be neutral.
[06/08/25 21:39:20][__main__][INFO] - Model 'temos' loaded
[06/08/25 21:39:43][__main__][INFO] - Model weights restored.
[06/08/25 21:39:43][__main__][INFO] - Model in eval mode.
[06/08/25 21:39:43][lightning_fabric.utilities.seed][INFO] - Global seed set to 50
[06/08/25 21:39:43][__main__][INFO] - All the sampling are done
[06/08/25 21:39:43][__main__][INFO] - All the sampling are done. You can find them here:
/Volumes/ADATA HD650/HonourThesis/project/models/TEMOS/tmp/npy_png_output
[06/08/25 21:42:15][__main__][INFO] - Interaction script. The result will be saved there: /Volumes/ADATA HD650/HonourThesis/project/models/TEMOS/tmp/npy_png_output
[06/08/25 21:42:15][__main__][INFO] - The sentence is: A person walks and waves
[06/08/25 21:42:16][lightning_fabric.utilities.seed][INFO] - Global seed set to 1234
[06/08/25 21:42:16][__main__][INFO] - Loading model
[06/08/25 21:42:16][__main__][INFO] - The topology will be neutral.
[06/08/25 21:42:25][__main__][INFO] - Model 'temos' loaded
[06/08/25 21:42:49][__main__][INFO] - Model weights restored.
[06/08/25 21:42:49][__main__][INFO] - Model in eval mode.
[06/08/25 21:42:49][lightning_fabric.utilities.seed][INFO] - Global seed set to 50
[06/08/25 21:42:49][__main__][INFO] - All the sampling are done
[06/08/25 21:42:49][__main__][INFO] - All the sampling are done. You can find them here:
/Volumes/ADATA HD650/HonourThesis/project/models/TEMOS/tmp/npy_png_output
[06/08/25 21:43:33][__main__][INFO] - Interaction script. The result will be saved there: /Volumes/ADATA HD650/HonourThesis/project/models/TEMOS/tmp/npy_png_output
[06/08/25 21:43:33][__main__][INFO] - The sentence is: A person waves left hand
[06/08/25 21:43:34][lightning_fabric.utilities.seed][INFO] - Global seed set to 1234
[06/08/25 21:43:34][__main__][INFO] - Loading model
[06/08/25 21:43:34][__main__][INFO] - The topology will be neutral.
[06/08/25 21:43:43][__main__][INFO] - Model 'temos' loaded
[06/08/25 21:44:08][__main__][INFO] - Model weights restored.
[06/08/25 21:44:08][__main__][INFO] - Model in eval mode.
[06/08/25 21:44:08][lightning_fabric.utilities.seed][INFO] - Global seed set to 50
[06/08/25 21:44:08][__main__][INFO] - All the sampling are done
[06/08/25 21:44:08][__main__][INFO] - All the sampling are done. You can find them here:
/Volumes/ADATA HD650/HonourThesis/project/models/TEMOS/tmp/npy_png_output
[06/08/25 21:51:19][__main__][INFO] - Interaction script. The result will be saved there: /Volumes/ADATA HD650/HonourThesis/project/models/TEMOS/tmp/npy_png_output
[06/08/25 21:51:19][__main__][INFO] - The sentence is: A person walks and waves
[06/08/25 21:51:20][lightning_fabric.utilities.seed][INFO] - Global seed set to 1234
[06/08/25 21:51:20][__main__][INFO] - Loading model
[06/08/25 21:51:20][__main__][INFO] - The topology will be neutral.
[06/08/25 21:51:29][__main__][INFO] - Model 'temos' loaded
[06/08/25 21:51:52][__main__][INFO] - Model weights restored.
[06/08/25 21:51:52][__main__][INFO] - Model in eval mode.
[06/08/25 21:51:52][lightning_fabric.utilities.seed][INFO] - Global seed set to 50
[06/08/25 21:51:52][__main__][INFO] - All the sampling are done
[06/08/25 21:51:52][__main__][INFO] - All the sampling are done. You can find them here:
/Volumes/ADATA HD650/HonourThesis/project/models/TEMOS/tmp/npy_png_output
[06/08/25 21:53:33][__main__][INFO] - Interaction script. The result will be saved there: /Volumes/ADATA HD650/HonourThesis/project/models/TEMOS/tmp/npy_png_output
[06/08/25 21:53:33][__main__][INFO] - The sentence is: A person waves left hand
[06/08/25 21:53:35][lightning_fabric.utilities.seed][INFO] - Global seed set to 1234
[06/08/25 21:53:35][__main__][INFO] - Loading model
[06/08/25 21:53:35][__main__][INFO] - The topology will be neutral.
[06/08/25 21:53:43][__main__][INFO] - Model 'temos' loaded
[06/08/25 21:54:03][__main__][INFO] - Model weights restored.
[06/08/25 21:54:03][__main__][INFO] - Model in eval mode.
[06/08/25 21:54:03][lightning_fabric.utilities.seed][INFO] - Global seed set to 50
[06/08/25 21:54:03][__main__][INFO] - All the sampling are done
[06/08/25 21:54:03][__main__][INFO] - All the sampling are done. You can find them here:
/Volumes/ADATA HD650/HonourThesis/project/models/TEMOS/tmp/npy_png_output
[06/08/25 21:55:41][__main__][INFO] - Interaction script. The result will be saved there: /Volumes/ADATA HD650/HonourThesis/project/models/TEMOS/tmp/npy_png_output
[06/08/25 21:55:41][__main__][INFO] - The sentence is: A person waves his left hand
[06/08/25 21:55:43][lightning_fabric.utilities.seed][INFO] - Global seed set to 1234
[06/08/25 21:55:43][__main__][INFO] - Loading model
[06/08/25 21:55:43][__main__][INFO] - The topology will be neutral.
[06/08/25 21:55:52][__main__][INFO] - Model 'temos' loaded
[06/08/25 21:56:15][__main__][INFO] - Model weights restored.
[06/08/25 21:56:15][__main__][INFO] - Model in eval mode.
[06/08/25 21:56:15][lightning_fabric.utilities.seed][INFO] - Global seed set to 50
[06/08/25 21:56:15][__main__][INFO] - All the sampling are done
[06/08/25 21:56:15][__main__][INFO] - All the sampling are done. You can find them here:
/Volumes/ADATA HD650/HonourThesis/project/models/TEMOS/tmp/npy_png_output
[06/08/25 21:56:57][__main__][INFO] - Interaction script. The result will be saved there: /Volumes/ADATA HD650/HonourThesis/project/models/TEMOS/tmp/npy_png_output
[06/08/25 21:56:57][__main__][INFO] - The sentence is: A person waves his left hand
[06/08/25 21:56:58][lightning_fabric.utilities.seed][INFO] - Global seed set to 1234
[06/08/25 21:56:58][__main__][INFO] - Loading model
[06/08/25 21:56:58][__main__][INFO] - The topology will be neutral.
[06/08/25 21:57:07][__main__][INFO] - Model 'temos' loaded
[06/08/25 21:57:28][__main__][INFO] - Model weights restored.
[06/08/25 21:57:28][__main__][INFO] - Model in eval mode.
[06/08/25 21:57:28][lightning_fabric.utilities.seed][INFO] - Global seed set to 50
[06/08/25 21:57:28][__main__][INFO] - All the sampling are done
[06/08/25 21:57:28][__main__][INFO] - All the sampling are done. You can find them here:
/Volumes/ADATA HD650/HonourThesis/project/models/TEMOS/tmp/npy_png_output
[07/08/25 09:17:07][__main__][INFO] - Interaction script. The result will be saved there: /Volumes/ADATA HD650/HonourThesis/project/models/TEMOS/tmp/npy_png_output
[07/08/25 09:17:07][__main__][INFO] - The sentence is: A person walks and waves
[07/08/25 09:17:12][lightning_fabric.utilities.seed][INFO] - Global seed set to 1234
[07/08/25 09:17:12][__main__][INFO] - Loading model
[07/08/25 09:17:12][__main__][INFO] - The topology will be neutral.
[07/08/25 09:17:21][__main__][INFO] - Model 'temos' loaded
[07/08/25 09:17:43][__main__][INFO] - Model weights restored.
[07/08/25 09:17:43][__main__][INFO] - Model in eval mode.
[07/08/25 09:17:43][lightning_fabric.utilities.seed][INFO] - Global seed set to 50
[07/08/25 09:17:43][__main__][INFO] - All the sampling are done
[07/08/25 09:17:43][__main__][INFO] - All the sampling are done. You can find them here:
/Volumes/ADATA HD650/HonourThesis/project/models/TEMOS/tmp/npy_png_output
[07/08/25 09:18:36][__main__][INFO] - Interaction script. The result will be saved there: /Volumes/ADATA HD650/HonourThesis/project/models/TEMOS/tmp/npy_png_output
[07/08/25 09:18:36][__main__][INFO] - The sentence is: A person waves his left hand
[07/08/25 09:18:37][lightning_fabric.utilities.seed][INFO] - Global seed set to 1234
[07/08/25 09:18:37][__main__][INFO] - Loading model
[07/08/25 09:18:37][__main__][INFO] - The topology will be neutral.
[07/08/25 09:18:46][__main__][INFO] - Model 'temos' loaded
[07/08/25 09:19:10][__main__][INFO] - Model weights restored.
[07/08/25 09:19:10][__main__][INFO] - Model in eval mode.
[07/08/25 09:19:10][lightning_fabric.utilities.seed][INFO] - Global seed set to 50
[07/08/25 09:19:10][__main__][INFO] - All the sampling are done
[07/08/25 09:19:10][__main__][INFO] - All the sampling are done. You can find them here:
/Volumes/ADATA HD650/HonourThesis/project/models/TEMOS/tmp/npy_png_output
[07/08/25 13:10:14][__main__][INFO] - Interaction script. The result will be saved there: /Volumes/ADATA HD650/HonourThesis/project/models/TEMOS/tmp/npy_png_output
[07/08/25 13:10:14][__main__][INFO] - The sentence is: A person waves his left hand
[07/08/25 13:10:15][lightning_fabric.utilities.seed][INFO] - Global seed set to 1234
[07/08/25 13:10:15][__main__][INFO] - Loading model
[07/08/25 13:10:15][__main__][INFO] - The topology will be neutral.
[07/08/25 13:10:25][__main__][INFO] - Model 'temos' loaded
[07/08/25 13:10:49][__main__][INFO] - Model weights restored.
[07/08/25 13:10:49][__main__][INFO] - Model in eval mode.
[07/08/25 13:10:49][lightning_fabric.utilities.seed][INFO] - Global seed set to 50
[07/08/25 13:10:49][__main__][INFO] - All the sampling are done
[07/08/25 13:10:49][__main__][INFO] - All the sampling are done. You can find them here:
/Volumes/ADATA HD650/HonourThesis/project/models/TEMOS/tmp/npy_png_output
[07/08/25 15:27:26][__main__][INFO] - Interaction script. The result will be saved there: /Volumes/ADATA HD650/HonourThesis/project/models/TEMOS/tmp/npy_png_output
[07/08/25 15:27:26][__main__][INFO] - The sentence is: A person waves his left hand
[07/08/25 15:27:27][lightning_fabric.utilities.seed][INFO] - Global seed set to 1234
[07/08/25 15:27:27][__main__][INFO] - Loading model
[07/08/25 15:27:27][__main__][INFO] - The topology will be neutral.
[07/08/25 15:27:36][__main__][INFO] - Model 'temos' loaded
[07/08/25 15:27:59][__main__][INFO] - Model weights restored.
[07/08/25 15:27:59][__main__][INFO] - Model in eval mode.
[07/08/25 15:27:59][lightning_fabric.utilities.seed][INFO] - Global seed set to 50
[07/08/25 15:27:59][__main__][INFO] - All the sampling are done
[07/08/25 15:27:59][__main__][INFO] - All the sampling are done. You can find them here:
/Volumes/ADATA HD650/HonourThesis/project/models/TEMOS/tmp/npy_png_output
[07/08/25 18:04:13][__main__][INFO] - Interaction script. The result will be saved there: /Volumes/ADATA HD650/HonourThesis/project/models/TEMOS/tmp/npy_png_output
[07/08/25 18:04:13][__main__][INFO] - The sentence is: A person waves his left hand
[07/08/25 18:04:16][lightning_fabric.utilities.seed][INFO] - Global seed set to 1234
[07/08/25 18:04:16][__main__][INFO] - Loading model
[07/08/25 18:04:16][__main__][INFO] - The topology will be neutral.
[07/08/25 18:04:26][__main__][INFO] - Model 'temos' loaded
[07/08/25 18:04:50][__main__][INFO] - Model weights restored.
[07/08/25 18:04:50][__main__][INFO] - Model in eval mode.
[07/08/25 18:04:50][lightning_fabric.utilities.seed][INFO] - Global seed set to 50
[07/08/25 18:04:50][__main__][INFO] - All the sampling are done
[07/08/25 18:04:50][__main__][INFO] - All the sampling are done. You can find them here:
/Volumes/ADATA HD650/HonourThesis/project/models/TEMOS/tmp/npy_png_output
[07/08/25 19:12:31][__main__][INFO] - Interaction script. The result will be saved there: /Volumes/ADATA HD650/HonourThesis/project/models/TEMOS/tmp/npy_png_output
[07/08/25 19:12:31][__main__][INFO] - The sentence is: A person waves his left hand
[07/08/25 19:12:32][lightning_fabric.utilities.seed][INFO] - Global seed set to 1234
[07/08/25 19:12:32][__main__][INFO] - Loading model
[07/08/25 19:12:32][__main__][INFO] - The topology will be neutral.
[07/08/25 19:12:41][__main__][INFO] - Model 'temos' loaded
[07/08/25 19:13:04][__main__][INFO] - Model weights restored.
[07/08/25 19:13:04][__main__][INFO] - Model in eval mode.
[07/08/25 19:13:04][lightning_fabric.utilities.seed][INFO] - Global seed set to 50
[07/08/25 19:13:05][__main__][INFO] - All the sampling are done
[07/08/25 19:13:05][__main__][INFO] - All the sampling are done. You can find them here:
/Volumes/ADATA HD650/HonourThesis/project/models/TEMOS/tmp/npy_png_output
[07/08/25 19:21:54][__main__][INFO] - Interaction script. The result will be saved there: /Volumes/ADATA HD650/HonourThesis/project/models/TEMOS/tmp/npy_png_output
[07/08/25 19:21:54][__main__][INFO] - The sentence is: A person waves his left hand
[07/08/25 19:21:56][lightning_fabric.utilities.seed][INFO] - Global seed set to 1234
[07/08/25 19:21:56][__main__][INFO] - Loading model
[07/08/25 19:21:56][__main__][INFO] - The topology will be neutral.
[07/08/25 19:22:04][__main__][INFO] - Model 'temos' loaded
[07/08/25 19:22:27][__main__][INFO] - Model weights restored.
[07/08/25 19:22:27][__main__][INFO] - Model in eval mode.
[07/08/25 19:22:27][lightning_fabric.utilities.seed][INFO] - Global seed set to 50
[07/08/25 19:22:28][__main__][INFO] - All the sampling are done
[07/08/25 19:22:28][__main__][INFO] - All the sampling are done. You can find them here:
/Volumes/ADATA HD650/HonourThesis/project/models/TEMOS/tmp/npy_png_output
[09/10/25 17:24:49][__main__][INFO] - Interaction script. The result will be saved there: /Volumes/ADATA HD650/HonourThesis/project/models/TEMOS/tmp/npy_png_output
[09/10/25 17:24:49][__main__][INFO] - The sentence is: A person walks and waves
[09/10/25 17:24:51][lightning_fabric.utilities.seed][INFO] - Global seed set to 1234
[09/10/25 17:24:51][__main__][INFO] - Loading model
[09/10/25 17:24:51][__main__][INFO] - The topology will be neutral.
[09/10/25 17:25:00][__main__][INFO] - Model 'temos' loaded
[09/10/25 17:25:21][__main__][INFO] - Model weights restored.
[09/10/25 17:25:21][__main__][INFO] - Model in eval mode.
[09/10/25 17:25:21][lightning_fabric.utilities.seed][INFO] - Global seed set to 50
[09/10/25 17:25:21][__main__][INFO] - All the sampling are done
[09/10/25 17:25:21][__main__][INFO] - All the sampling are done. You can find them here:
/Volumes/ADATA HD650/HonourThesis/project/models/TEMOS/tmp/npy_png_output
[09/10/25 17:26:40][__main__][INFO] - Interaction script. The result will be saved there: /Volumes/ADATA HD650/HonourThesis/project/models/TEMOS/tmp/npy_png_output
[09/10/25 17:26:40][__main__][INFO] - The sentence is: A person waves his left hand
[09/10/25 17:26:41][lightning_fabric.utilities.seed][INFO] - Global seed set to 1234
[09/10/25 17:26:41][__main__][INFO] - Loading model
[09/10/25 17:26:41][__main__][INFO] - The topology will be neutral.
[09/10/25 17:26:50][__main__][INFO] - Model 'temos' loaded
[09/10/25 17:27:09][__main__][INFO] - Model weights restored.
[09/10/25 17:27:09][__main__][INFO] - Model in eval mode.
[09/10/25 17:27:09][lightning_fabric.utilities.seed][INFO] - Global seed set to 50
[09/10/25 17:27:09][__main__][INFO] - All the sampling are done
[09/10/25 17:27:09][__main__][INFO] - All the sampling are done. You can find them here:
/Volumes/ADATA HD650/HonourThesis/project/models/TEMOS/tmp/npy_png_output
[29/11/25 17:26:48][__main__][INFO] - Interaction script. The result will be saved there: /Volumes/ADATA HD650/HonourThesis/project/models/TEMOS/tmp/npy_png_output
[29/11/25 17:26:48][__main__][INFO] - The sentence is: A person walks and waves
[29/11/25 17:26:52][lightning_fabric.utilities.seed][INFO] - Global seed set to 1234
[29/11/25 17:26:52][__main__][INFO] - Loading model
[29/11/25 17:26:52][__main__][INFO] - The topology will be neutral.
[29/11/25 17:27:02][__main__][INFO] - Model 'temos' loaded
[29/11/25 17:27:21][__main__][INFO] - Model weights restored.
[29/11/25 17:27:21][__main__][INFO] - Model in eval mode.
[29/11/25 17:27:21][lightning_fabric.utilities.seed][INFO] - Global seed set to 50
[29/11/25 17:27:22][__main__][INFO] - All the sampling are done
[29/11/25 17:27:22][__main__][INFO] - All the sampling are done. You can find them here:
/Volumes/ADATA HD650/HonourThesis/project/models/TEMOS/tmp/npy_png_output
[29/11/25 17:27:45][__main__][INFO] - Interaction script. The result will be saved there: /Volumes/ADATA HD650/HonourThesis/project/models/TEMOS/tmp/npy_png_output
[29/11/25 17:27:45][__main__][INFO] - The sentence is: A person walks and waves
[29/11/25 17:27:46][lightning_fabric.utilities.seed][INFO] - Global seed set to 1234
[29/11/25 17:27:46][__main__][INFO] - Loading model
[29/11/25 17:27:46][__main__][INFO] - The topology will be neutral.
[29/11/25 17:27:54][__main__][INFO] - Model 'temos' loaded
[29/11/25 17:28:13][__main__][INFO] - Model weights restored.
[29/11/25 17:28:13][__main__][INFO] - Model in eval mode.
[29/11/25 17:28:13][lightning_fabric.utilities.seed][INFO] - Global seed set to 50
[29/11/25 17:28:14][__main__][INFO] - All the sampling are done
[29/11/25 17:28:14][__main__][INFO] - All the sampling are done. You can find them here:
/Volumes/ADATA HD650/HonourThesis/project/models/TEMOS/tmp/npy_png_output
[02/12/25 10:43:20][__main__][INFO] - Interaction script. The result will be saved there: /Volumes/ADATA HD650/HonourThesis/project/models/TEMOS/tmp/npy_png_output
[02/12/25 10:43:20][__main__][INFO] - The sentence is: A person walks and waves
[02/12/25 10:43:24][lightning_fabric.utilities.seed][INFO] - Global seed set to 1234
[02/12/25 10:43:24][__main__][INFO] - Loading model
[02/12/25 10:43:24][__main__][INFO] - The topology will be neutral.
[02/12/25 10:43:34][__main__][INFO] - Model 'temos' loaded
[02/12/25 10:43:57][__main__][INFO] - Model weights restored.
[02/12/25 10:43:57][__main__][INFO] - Model in eval mode.
[02/12/25 10:43:57][lightning_fabric.utilities.seed][INFO] - Global seed set to 50
[02/12/25 10:43:57][__main__][INFO] - All the sampling are done
[02/12/25 10:43:57][__main__][INFO] - All the sampling are done. You can find them here:
/Volumes/ADATA HD650/HonourThesis/project/models/TEMOS/tmp/npy_png_output
[02/12/25 10:46:09][__main__][INFO] - Interaction script. The result will be saved there: /Volumes/ADATA HD650/HonourThesis/project/models/TEMOS/tmp/npy_png_output
[02/12/25 10:46:09][__main__][INFO] - The sentence is: A person walks and waves
[02/12/25 10:46:11][lightning_fabric.utilities.seed][INFO] - Global seed set to 1234
[02/12/25 10:46:11][__main__][INFO] - Loading model
[02/12/25 10:46:11][__main__][INFO] - The topology will be neutral.
[02/12/25 10:46:19][__main__][INFO] - Model 'temos' loaded
[02/12/25 10:46:42][__main__][INFO] - Model weights restored.
[02/12/25 10:46:42][__main__][INFO] - Model in eval mode.
[02/12/25 10:46:42][lightning_fabric.utilities.seed][INFO] - Global seed set to 50
[02/12/25 10:46:42][__main__][INFO] - All the sampling are done
[02/12/25 10:46:42][__main__][INFO] - All the sampling are done. You can find them here:
/Volumes/ADATA HD650/HonourThesis/project/models/TEMOS/tmp/npy_png_output
[02/12/25 10:47:32][__main__][INFO] - Interaction script. The result will be saved there: /Volumes/ADATA HD650/HonourThesis/project/models/TEMOS/tmp/npy_png_output
[02/12/25 10:47:32][__main__][INFO] - The sentence is: A person walks and waves
[02/12/25 10:47:33][lightning_fabric.utilities.seed][INFO] - Global seed set to 1234
[02/12/25 10:47:33][__main__][INFO] - Loading model
[02/12/25 10:47:33][__main__][INFO] - The topology will be neutral.
[02/12/25 10:47:42][__main__][INFO] - Model 'temos' loaded
[02/12/25 10:48:01][__main__][INFO] - Model weights restored.
[02/12/25 10:48:01][__main__][INFO] - Model in eval mode.
[02/12/25 10:48:01][lightning_fabric.utilities.seed][INFO] - Global seed set to 50
[02/12/25 10:48:02][__main__][INFO] - All the sampling are done
[02/12/25 10:48:02][__main__][INFO] - All the sampling are done. You can find them here:
/Volumes/ADATA HD650/HonourThesis/project/models/TEMOS/tmp/npy_png_output
[02/12/25 10:49:35][__main__][INFO] - Interaction script. The result will be saved there: /Volumes/ADATA HD650/HonourThesis/project/models/TEMOS/tmp/npy_png_output
[02/12/25 10:49:35][__main__][INFO] - The sentence is: A person walks and waves his left hand
[02/12/25 10:49:36][lightning_fabric.utilities.seed][INFO] - Global seed set to 1234
[02/12/25 10:49:36][__main__][INFO] - Loading model
[02/12/25 10:49:36][__main__][INFO] - The topology will be neutral.
[02/12/25 10:49:45][__main__][INFO] - Model 'temos' loaded
[02/12/25 10:50:05][__main__][INFO] - Model weights restored.
[02/12/25 10:50:05][__main__][INFO] - Model in eval mode.
[02/12/25 10:50:05][lightning_fabric.utilities.seed][INFO] - Global seed set to 50
[02/12/25 10:50:05][__main__][INFO] - All the sampling are done
[02/12/25 10:50:05][__main__][INFO] - All the sampling are done. You can find them here:
/Volumes/ADATA HD650/HonourThesis/project/models/TEMOS/tmp/npy_png_output
[02/12/25 10:51:43][__main__][INFO] - Interaction script. The result will be saved there: /Volumes/ADATA HD650/HonourThesis/project/models/TEMOS/tmp/npy_png_output
[02/12/25 10:51:43][__main__][INFO] - The sentence is: A person walks and waves his left hand
[02/12/25 10:51:44][lightning_fabric.utilities.seed][INFO] - Global seed set to 1234
[02/12/25 10:51:44][__main__][INFO] - Loading model
[02/12/25 10:51:44][__main__][INFO] - The topology will be neutral.
[02/12/25 10:51:53][__main__][INFO] - Model 'temos' loaded
[02/12/25 10:52:17][__main__][INFO] - Model weights restored.
[02/12/25 10:52:17][__main__][INFO] - Model in eval mode.
[02/12/25 10:52:17][lightning_fabric.utilities.seed][INFO] - Global seed set to 50
[02/12/25 10:52:17][__main__][INFO] - All the sampling are done
[02/12/25 10:52:17][__main__][INFO] - All the sampling are done. You can find them here:
/Volumes/ADATA HD650/HonourThesis/project/models/TEMOS/tmp/npy_png_output
[02/12/25 11:55:05][__main__][INFO] - Interaction script. The result will be saved there: /Volumes/ADATA HD650/HonourThesis/project/models/TEMOS/tmp/npy_png_output
[02/12/25 11:55:05][__main__][INFO] - The sentence is: A person walks and waves
[02/12/25 11:55:09][lightning_fabric.utilities.seed][INFO] - Global seed set to 1234
[02/12/25 11:55:09][__main__][INFO] - Loading model
[02/12/25 11:55:09][__main__][INFO] - The topology will be neutral.
[02/12/25 11:55:19][__main__][INFO] - Model 'temos' loaded
[02/12/25 11:55:40][__main__][INFO] - Model weights restored.
[02/12/25 11:55:40][__main__][INFO] - Model in eval mode.
[02/12/25 11:55:40][lightning_fabric.utilities.seed][INFO] - Global seed set to 50
[02/12/25 11:55:40][__main__][INFO] - All the sampling are done
[02/12/25 11:55:40][__main__][INFO] - All the sampling are done. You can find them here:
/Volumes/ADATA HD650/HonourThesis/project/models/TEMOS/tmp/npy_png_output
[02/12/25 12:02:20][__main__][INFO] - Interaction script. The result will be saved there: /Volumes/ADATA HD650/HonourThesis/project/models/TEMOS/tmp/npy_png_output
[02/12/25 12:02:20][__main__][INFO] - The sentence is: A person walks and waves
[02/12/25 12:02:22][lightning_fabric.utilities.seed][INFO] - Global seed set to 1234
[02/12/25 12:02:22][__main__][INFO] - Loading model
[02/12/25 12:02:22][__main__][INFO] - The topology will be neutral.
[02/12/25 12:02:30][__main__][INFO] - Model 'temos' loaded
[02/12/25 12:02:51][__main__][INFO] - Model weights restored.
[02/12/25 12:02:51][__main__][INFO] - Model in eval mode.
[02/12/25 12:02:51][lightning_fabric.utilities.seed][INFO] - Global seed set to 50
[02/12/25 12:02:52][__main__][INFO] - All the sampling are done
[02/12/25 12:02:52][__main__][INFO] - All the sampling are done. You can find them here:
/Volumes/ADATA HD650/HonourThesis/project/models/TEMOS/tmp/npy_png_output
[02/12/25 12:06:33][__main__][INFO] - Interaction script. The result will be saved there: /Volumes/ADATA HD650/HonourThesis/project/models/TEMOS/tmp/npy_png_output
[02/12/25 12:06:33][__main__][INFO] - The sentence is: A person walks and waves
[02/12/25 12:06:35][lightning_fabric.utilities.seed][INFO] - Global seed set to 1234
[02/12/25 12:06:35][__main__][INFO] - Loading model
[02/12/25 12:06:35][__main__][INFO] - The topology will be neutral.
[02/12/25 12:06:43][__main__][INFO] - Model 'temos' loaded
[02/12/25 12:07:05][__main__][INFO] - Model weights restored.
[02/12/25 12:07:05][__main__][INFO] - Model in eval mode.
[02/12/25 12:07:05][lightning_fabric.utilities.seed][INFO] - Global seed set to 50
[02/12/25 12:07:06][__main__][INFO] - All the sampling are done
[02/12/25 12:07:06][__main__][INFO] - All the sampling are done. You can find them here:
/Volumes/ADATA HD650/HonourThesis/project/models/TEMOS/tmp/npy_png_output
[02/12/25 12:14:32][__main__][INFO] - Interaction script. The result will be saved there: /Volumes/ADATA HD650/HonourThesis/project/models/TEMOS/tmp/npy_png_output
[02/12/25 12:14:32][__main__][INFO] - The sentence is: A person walks and waves
[02/12/25 12:14:33][lightning_fabric.utilities.seed][INFO] - Global seed set to 1234
[02/12/25 12:14:33][__main__][INFO] - Loading model
[02/12/25 12:14:33][__main__][INFO] - The topology will be neutral.
[02/12/25 12:14:42][__main__][INFO] - Model 'temos' loaded
[02/12/25 12:15:04][__main__][INFO] - Model weights restored.
[02/12/25 12:15:04][__main__][INFO] - Model in eval mode.
[02/12/25 12:15:04][lightning_fabric.utilities.seed][INFO] - Global seed set to 50
[02/12/25 12:15:04][__main__][INFO] - All the sampling are done
[02/12/25 12:15:04][__main__][INFO] - All the sampling are done. You can find them here:
/Volumes/ADATA HD650/HonourThesis/project/models/TEMOS/tmp/npy_png_output
[02/12/25 12:16:12][__main__][INFO] - Interaction script. The result will be saved there: /Volumes/ADATA HD650/HonourThesis/project/models/TEMOS/tmp/npy_png_output
[02/12/25 12:16:12][__main__][INFO] - The sentence is: A person walks and waves
[02/12/25 12:16:13][lightning_fabric.utilities.seed][INFO] - Global seed set to 1234
[02/12/25 12:16:13][__main__][INFO] - Loading model
[02/12/25 12:16:13][__main__][INFO] - The topology will be neutral.
[02/12/25 12:16:22][__main__][INFO] - Model 'temos' loaded
[02/12/25 12:16:43][__main__][INFO] - Model weights restored.
[02/12/25 12:16:43][__main__][INFO] - Model in eval mode.
[02/12/25 12:16:43][lightning_fabric.utilities.seed][INFO] - Global seed set to 50
[02/12/25 12:16:43][__main__][INFO] - All the sampling are done
[02/12/25 12:16:43][__main__][INFO] - All the sampling are done. You can find them here:
/Volumes/ADATA HD650/HonourThesis/project/models/TEMOS/tmp/npy_png_output
[02/12/25 13:11:01][__main__][INFO] - Interaction script. The result will be saved there: /Volumes/ADATA HD650/HonourThesis/project/models/TEMOS/tmp/npy_png_output
[02/12/25 13:11:01][__main__][INFO] - The sentence is: A person walks and waves
[02/12/25 13:11:05][lightning_fabric.utilities.seed][INFO] - Global seed set to 1234
[02/12/25 13:11:05][__main__][INFO] - Loading model
[02/12/25 13:11:05][__main__][INFO] - The topology will be neutral.
[02/12/25 13:11:14][__main__][INFO] - Model 'temos' loaded
[02/12/25 13:11:36][__main__][INFO] - Model weights restored.
[02/12/25 13:11:36][__main__][INFO] - Model in eval mode.
[02/12/25 13:11:36][lightning_fabric.utilities.seed][INFO] - Global seed set to 50
[02/12/25 13:11:37][__main__][INFO] - All the sampling are done
[02/12/25 13:11:37][__main__][INFO] - All the sampling are done. You can find them here:
/Volumes/ADATA HD650/HonourThesis/project/models/TEMOS/tmp/npy_png_output
[02/12/25 13:22:29][__main__][INFO] - Interaction script. The result will be saved there: /Volumes/ADATA HD650/HonourThesis/project/models/TEMOS/tmp/npy_png_output
[02/12/25 13:22:29][__main__][INFO] - The sentence is: A person walks and waves
[02/12/25 13:22:30][lightning_fabric.utilities.seed][INFO] - Global seed set to 1234
[02/12/25 13:22:30][__main__][INFO] - Loading model
[02/12/25 13:22:30][__main__][INFO] - The topology will be neutral.
[02/12/25 13:22:39][__main__][INFO] - Model 'temos' loaded
[02/12/25 13:23:01][__main__][INFO] - Model weights restored.
[02/12/25 13:23:01][__main__][INFO] - Model in eval mode.
[02/12/25 13:23:01][lightning_fabric.utilities.seed][INFO] - Global seed set to 50
[02/12/25 13:23:01][__main__][INFO] - All the sampling are done
[02/12/25 13:23:01][__main__][INFO] - All the sampling are done. You can find them here:
/Volumes/ADATA HD650/HonourThesis/project/models/TEMOS/tmp/npy_png_output
[02/12/25 13:32:34][__main__][INFO] - Interaction script. The result will be saved there: /Volumes/ADATA HD650/HonourThesis/project/models/TEMOS/tmp/npy_png_output
[02/12/25 13:32:34][__main__][INFO] - The sentence is: A person walks and waves
[02/12/25 13:32:35][lightning_fabric.utilities.seed][INFO] - Global seed set to 1234
[02/12/25 13:32:35][__main__][INFO] - Loading model
[02/12/25 13:32:35][__main__][INFO] - The topology will be neutral.
[02/12/25 13:32:44][__main__][INFO] - Model 'temos' loaded
[02/12/25 13:33:04][__main__][INFO] - Model weights restored.
[02/12/25 13:33:04][__main__][INFO] - Model in eval mode.
[02/12/25 13:33:04][lightning_fabric.utilities.seed][INFO] - Global seed set to 50
[02/12/25 13:33:05][__main__][INFO] - All the sampling are done
[02/12/25 13:33:05][__main__][INFO] - All the sampling are done. You can find them here:
/Volumes/ADATA HD650/HonourThesis/project/models/TEMOS/tmp/npy_png_output
[02/12/25 13:45:23][__main__][INFO] - Interaction script. The result will be saved there: /Volumes/ADATA HD650/HonourThesis/project/models/TEMOS/tmp/npy_png_output
[02/12/25 13:45:23][__main__][INFO] - The sentence is: A person walks and waves
[02/12/25 13:45:25][lightning_fabric.utilities.seed][INFO] - Global seed set to 1234
[02/12/25 13:45:25][__main__][INFO] - Loading model
[02/12/25 13:45:25][__main__][INFO] - The topology will be neutral.
[02/12/25 13:45:34][__main__][INFO] - Model 'temos' loaded
[02/12/25 13:45:56][__main__][INFO] - Model weights restored.
[02/12/25 13:45:56][__main__][INFO] - Model in eval mode.
[02/12/25 13:45:56][lightning_fabric.utilities.seed][INFO] - Global seed set to 50
[02/12/25 13:45:56][__main__][INFO] - All the sampling are done
[02/12/25 13:45:56][__main__][INFO] - All the sampling are done. You can find them here:
/Volumes/ADATA HD650/HonourThesis/project/models/TEMOS/tmp/npy_png_output
[02/12/25 14:02:15][__main__][INFO] - Interaction script. The result will be saved there: /Volumes/ADATA HD650/HonourThesis/project/models/TEMOS/tmp/npy_png_output
[02/12/25 14:02:15][__main__][INFO] - The sentence is: A person walks and waves
[02/12/25 14:02:17][lightning_fabric.utilities.seed][INFO] - Global seed set to 1234
[02/12/25 14:02:17][__main__][INFO] - Loading model
[02/12/25 14:02:17][__main__][INFO] - The topology will be neutral.
[02/12/25 14:02:26][__main__][INFO] - Model 'temos' loaded
[02/12/25 14:02:46][__main__][INFO] - Model weights restored.
[02/12/25 14:02:46][__main__][INFO] - Model in eval mode.
[02/12/25 14:02:46][lightning_fabric.utilities.seed][INFO] - Global seed set to 50
[02/12/25 14:02:47][__main__][INFO] - All the sampling are done
[02/12/25 14:02:47][__main__][INFO] - All the sampling are done. You can find them here:
/Volumes/ADATA HD650/HonourThesis/project/models/TEMOS/tmp/npy_png_output
[02/12/25 14:28:06][__main__][INFO] - Interaction script. The result will be saved there: /Volumes/ADATA HD650/HonourThesis/project/models/TEMOS/tmp/npy_png_output
[02/12/25 14:28:06][__main__][INFO] - The sentence is: A person walks and waves
[02/12/25 14:28:08][lightning_fabric.utilities.seed][INFO] - Global seed set to 1234
[02/12/25 14:28:08][__main__][INFO] - Loading model
[02/12/25 14:28:08][__main__][INFO] - The topology will be neutral.
[02/12/25 14:28:17][__main__][INFO] - Model 'temos' loaded
[02/12/25 14:28:41][__main__][INFO] - Model weights restored.
[02/12/25 14:28:41][__main__][INFO] - Model in eval mode.
[02/12/25 14:28:41][lightning_fabric.utilities.seed][INFO] - Global seed set to 50
[02/12/25 14:28:41][__main__][INFO] - All the sampling are done
[02/12/25 14:28:41][__main__][INFO] - All the sampling are done. You can find them here:
/Volumes/ADATA HD650/HonourThesis/project/models/TEMOS/tmp/npy_png_output
[02/12/25 14:32:52][__main__][INFO] - Interaction script. The result will be saved there: /Volumes/ADATA HD650/HonourThesis/project/models/TEMOS/tmp/npy_png_output
[02/12/25 14:32:52][__main__][INFO] - The sentence is: A person walks and waves
[02/12/25 14:32:53][lightning_fabric.utilities.seed][INFO] - Global seed set to 1234
[02/12/25 14:32:53][__main__][INFO] - Loading model
[02/12/25 14:32:53][__main__][INFO] - The topology will be neutral.
[02/12/25 14:33:02][__main__][INFO] - Model 'temos' loaded
[02/12/25 14:33:25][__main__][INFO] - Model weights restored.
[02/12/25 14:33:25][__main__][INFO] - Model in eval mode.
[02/12/25 14:33:25][lightning_fabric.utilities.seed][INFO] - Global seed set to 50
[02/12/25 14:33:26][__main__][INFO] - All the sampling are done
[02/12/25 14:33:26][__main__][INFO] - All the sampling are done. You can find them here:
/Volumes/ADATA HD650/HonourThesis/project/models/TEMOS/tmp/npy_png_output
